<?xml version="1.0" encoding="UTF-8"?>
<!-- Generated by org.testng.reporters.JUnitReportReporter -->
<testsuite hostname="DESKTOP-KJORMHS" failures="0" tests="2" name="ba.com.zira.sdr.test.suites.SongSimilarityDetailRequestValidationTest" time="0.451" errors="0" timestamp="2023-02-23T10:49:40 CET" skipped="0">
  <testcase classname="ba.com.zira.sdr.test.suites.SongSimilarityDetailRequestValidationTest" name="validateExistsSongSimilarityDetailRequestNotFound" time="0.448"/>
  <testcase classname="ba.com.zira.sdr.test.suites.SongSimilarityDetailRequestValidationTest" name="validateUpdateSongSimilarityDetailRequestNotFound" time="0.003"/>
</testsuite> <!-- ba.com.zira.sdr.test.suites.SongSimilarityDetailRequestValidationTest -->
