<?xml version="1.0" encoding="UTF-8"?>
<!-- Generated by org.testng.reporters.JUnitReportReporter -->
<testsuite hostname="DESKTOP-4C2RUPH" failures="0" tests="1" name="ba.com.zira.sdr.test.suites.SpotifyIntegrationServiceTest" time="0.980" errors="0" timestamp="2023-02-26T20:39:29 CET" skipped="0">
  <testcase classname="ba.com.zira.sdr.test.suites.SpotifyIntegrationServiceTest" name="testFindSpotifyIntegration" time="0.980"/>
</testsuite> <!-- ba.com.zira.sdr.test.suites.SpotifyIntegrationServiceTest -->
