<?xml version="1.0" encoding="UTF-8"?>
<!-- Generated by org.testng.reporters.JUnitReportReporter -->
<testsuite hostname="DESKTOP-4C2RUPH" failures="0" tests="1" name="ba.com.zira.sdr.test.suites.ShazamIntegrationServiceTest" time="0.912" errors="0" timestamp="2023-02-26T20:17:34 CET" skipped="0">
  <testcase classname="ba.com.zira.sdr.test.suites.ShazamIntegrationServiceTest" name="testFindShazamIntegration" time="0.912"/>
</testsuite> <!-- ba.com.zira.sdr.test.suites.ShazamIntegrationServiceTest -->
