<?xml version="1.0" encoding="UTF-8"?>
<!-- Generated by org.testng.reporters.JUnitReportReporter -->
<testsuite hostname="DESKTOP-3IO1IFP" failures="0" tests="4" name="ba.com.zira.sdr.test.suites.SongFftResultRequestValidationTest" time="1.679" errors="0" timestamp="2023-02-23T18:56:51 CET" skipped="0">
  <testcase classname="ba.com.zira.sdr.test.suites.SongFftResultRequestValidationTest" name="validateUpdateSongFftResultRequestNotFound" time="0.013"/>
  <testcase classname="ba.com.zira.sdr.test.suites.SongFftResultRequestValidationTest" name="validateCreateRequestNotValid" time="0.069"/>
  <testcase classname="ba.com.zira.sdr.test.suites.SongFftResultRequestValidationTest" name="validateSongFftResultRequestNotFound" time="1.588"/>
  <testcase classname="ba.com.zira.sdr.test.suites.SongFftResultRequestValidationTest" name="validateExistsSongFftResultRequestNotFound" time="0.009"/>
</testsuite> <!-- ba.com.zira.sdr.test.suites.SongFftResultRequestValidationTest -->
