<?xml version="1.0" encoding="UTF-8"?>
<!-- Generated by org.testng.reporters.JUnitReportReporter -->
<testsuite hostname="DESKTOP-3IO1IFP" failures="0" tests="2" name="ba.com.zira.sdr.test.suites.LyricRequestValidationTest" time="2.866" errors="0" timestamp="2023-02-22T23:36:12 CET" skipped="0">
  <testcase classname="ba.com.zira.sdr.test.suites.LyricRequestValidationTest" name="validateExistsLyricRequestNotFound" time="0.096"/>
  <testcase classname="ba.com.zira.sdr.test.suites.LyricRequestValidationTest" name="validateUpdateLyricRequestNotFound" time="2.770"/>
</testsuite> <!-- ba.com.zira.sdr.test.suites.LyricRequestValidationTest -->
