<?xml version="1.0" encoding="UTF-8"?>
<!-- Generated by org.testng.reporters.JUnitReportReporter -->
<testsuite hostname="DESKTOP-KJORMHS" failures="0" tests="1" name="ba.com.zira.sdr.test.suites.SongSimilarityDetailServiceTest" time="0.477" errors="0" timestamp="2023-02-26T22:37:33 CET" skipped="0">
  <testcase classname="ba.com.zira.sdr.test.suites.SongSimilarityDetailServiceTest" name="testCreateSongSimilarityDetail" time="0.477"/>
</testsuite> <!-- ba.com.zira.sdr.test.suites.SongSimilarityDetailServiceTest -->
