<?xml version="1.0" encoding="UTF-8"?>
<!-- Generated by org.testng.reporters.JUnitReportReporter -->
<testsuite hostname="DESKTOP-04LNNS9" failures="0" tests="1" name="ba.com.zira.sdr.test.suites.PersonRequestValidationTest" time="1.103" errors="0" timestamp="2023-02-23T18:52:22 CET" skipped="0">
  <testcase classname="ba.com.zira.sdr.test.suites.PersonRequestValidationTest" name="validateExistsPersonRequestNotFound" time="1.103"/>
</testsuite> <!-- ba.com.zira.sdr.test.suites.PersonRequestValidationTest -->
