<?xml version="1.0" encoding="UTF-8"?>
<!-- Generated by org.testng.reporters.JUnitReportReporter -->
<testsuite hostname="DESKTOP-4C2RUPH" failures="0" tests="1" name="ba.com.zira.sdr.test.suites.AlbumServiceTest" time="0.940" errors="0" timestamp="2023-02-26T20:18:19 CET" skipped="0">
  <testcase classname="ba.com.zira.sdr.test.suites.AlbumServiceTest" name="testFindAlbum" time="0.940"/>
</testsuite> <!-- ba.com.zira.sdr.test.suites.AlbumServiceTest -->
