<?xml version="1.0" encoding="UTF-8"?>
<!-- Generated by org.testng.reporters.JUnitReportReporter -->
<testsuite hostname="DESKTOP-4C2RUPH" failures="0" tests="1" name="ba.com.zira.sdr.test.suites.DeezerIntegrationServiceTest" time="0.951" errors="0" timestamp="2023-02-26T22:43:14 CET" skipped="0">
  <testcase classname="ba.com.zira.sdr.test.suites.DeezerIntegrationServiceTest" name="testFindDeezerIntegration" time="0.951"/>
</testsuite> <!-- ba.com.zira.sdr.test.suites.DeezerIntegrationServiceTest -->
