<?xml version="1.0" encoding="UTF-8"?>
<!-- Generated by org.testng.reporters.JUnitReportReporter -->
<testsuite hostname="ArminLenovo" failures="0" tests="4" name="ba.com.zira.sdr.test.suites.SongArtistRequestValidationTest" time="0.988" errors="0" timestamp="2023-02-21T16:49:38 CET" skipped="0">
  <testcase classname="ba.com.zira.sdr.test.suites.SongArtistRequestValidationTest" name="validateCreateRequestAllIdsFound" time="0.051"/>
  <testcase classname="ba.com.zira.sdr.test.suites.SongArtistRequestValidationTest" name="validateDeleteRequestIdFound" time="0.006"/>
  <testcase classname="ba.com.zira.sdr.test.suites.SongArtistRequestValidationTest" name="validateCreateRequestIdsNotFound" time="0.926"/>
  <testcase classname="ba.com.zira.sdr.test.suites.SongArtistRequestValidationTest" name="validateDeleteRequestIdNotFound" time="0.005"/>
</testsuite> <!-- ba.com.zira.sdr.test.suites.SongArtistRequestValidationTest -->
